# JRE version: OpenJDK Runtime Environment Temurin-21.0.7+6 (21.0.7+6) (build 21.0.7+6-LTS)
# Java VM: OpenJDK 64-Bit Server VM Temurin-21.0.7+6 (21.0.7+6-LTS, mixed mode, sharing, tiered, compressed oops, compressed class ptrs, parallel gc, windows-amd64)
GC Precious Log:
 CardTable entry size: 512
 CPUs: 8 total, 8 available
 Memory: 8039M
 Large Page Support: Disabled
 NUMA Support: Disabled
 Compressed Oops: Enabled (32-bit)
 Alignments: Space 512K, Generation 512K, Heap 2M
 Heap Min Capacity: 100M
 Heap Initial Capacity: 100M
 Heap Max Capacity: 1G
 Pre-touch: Disabled
 Parallel Workers: 8
Heap:
 PSYoungGen      total 20480K, used 7708K [0x00000000eab00000, 0x00000000ec280000, 0x0000000100000000)
  eden space 19968K, 36% used [0x00000000eab00000,0x00000000eb207718,0x00000000ebe80000)
  from space 512K, 99% used [0x00000000ec200000,0x00000000ec27fa30,0x00000000ec280000)
  to   space 1024K, 0% used [0x00000000ec080000,0x00000000ec080000,0x00000000ec180000)
 ParOldGen       total 68608K, used 40037K [0x00000000c0000000, 0x00000000c4300000, 0x00000000eab00000)
  object space 68608K, 58% used [0x00000000c0000000,0x00000000c2719470,0x00000000c4300000)
 Metaspace       used 65687K, committed 67072K, reserved 1114112K
  class space    used 8079K, committed 8704K, reserved 1048576K
GC Heap History (20 events):
Event: 22.486 GC heap before
{Heap before GC invocations=34 (full 3):
 PSYoungGen      total 20480K, used 20416K [0x00000000eab00000, 0x00000000ec400000, 0x0000000100000000)
  eden space 19968K, 100% used [0x00000000eab00000,0x00000000ebe80000,0x00000000ebe80000)
  from space 512K, 87% used [0x00000000ec380000,0x00000000ec3f0000,0x00000000ec400000)
  to   space 512K, 0% used [0x00000000ec300000,0x00000000ec300000,0x00000000ec380000)
 ParOldGen       total 68608K, used 38833K [0x00000000c0000000, 0x00000000c4300000, 0x00000000eab00000)
  object space 68608K, 56% used [0x00000000c0000000,0x00000000c25ec578,0x00000000c4300000)
 Metaspace       used 62830K, committed 64192K, reserved 1114112K
  class space    used 7680K, committed 8256K, reserved 1048576K
}
Event: 22.488 GC heap after
{Heap after GC invocations=34 (full 3):
 PSYoungGen      total 20480K, used 484K [0x00000000eab00000, 0x00000000ec400000, 0x0000000100000000)
  eden space 19968K, 0% used [0x00000000eab00000,0x00000000eab00000,0x00000000ebe80000)
  from space 512K, 94% used [0x00000000ec300000,0x00000000ec379390,0x00000000ec380000)
  to   space 512K, 0% used [0x00000000ec380000,0x00000000ec380000,0x00000000ec400000)
 ParOldGen       total 68608K, used 39004K [0x00000000c0000000, 0x00000000c4300000, 0x00000000eab00000)
  object space 68608K, 56% used [0x00000000c0000000,0x00000000c26170f8,0x00000000c4300000)
 Metaspace       used 62830K, committed 64192K, reserved 1114112K
  class space    used 7680K, committed 8256K, reserved 1048576K
}
Event: 22.960 GC heap before
{Heap before GC invocations=35 (full 3):
 PSYoungGen      total 20480K, used 20452K [0x00000000eab00000, 0x00000000ec400000, 0x0000000100000000)
  eden space 19968K, 100% used [0x00000000eab00000,0x00000000ebe80000,0x00000000ebe80000)
  from space 512K, 94% used [0x00000000ec300000,0x00000000ec379390,0x00000000ec380000)
  to   space 512K, 0% used [0x00000000ec380000,0x00000000ec380000,0x00000000ec400000)
 ParOldGen       total 68608K, used 39004K [0x00000000c0000000, 0x00000000c4300000, 0x00000000eab00000)
  object space 68608K, 56% used [0x00000000c0000000,0x00000000c26170f8,0x00000000c4300000)
 Metaspace       used 62830K, committed 64192K, reserved 1114112K
  class space    used 7680K, committed 8256K, reserved 1048576K
}
Event: 22.961 GC heap after
{Heap after GC invocations=35 (full 3):
 PSYoungGen      total 20480K, used 160K [0x00000000eab00000, 0x00000000ec400000, 0x0000000100000000)
  eden space 19968K, 0% used [0x00000000eab00000,0x00000000eab00000,0x00000000ebe80000)
  from space 512K, 31% used [0x00000000ec380000,0x00000000ec3a8000,0x00000000ec400000)
  to   space 512K, 0% used [0x00000000ec300000,0x00000000ec300000,0x00000000ec380000)
 ParOldGen       total 68608K, used 39228K [0x00000000c0000000, 0x00000000c4300000, 0x00000000eab00000)
  object space 68608K, 57% used [0x00000000c0000000,0x00000000c264f0f8,0x00000000c4300000)
 Metaspace       used 62830K, committed 64192K, reserved 1114112K
  class space    used 7680K, committed 8256K, reserved 1048576K
}
Event: 23.236 GC heap before
{Heap before GC invocations=36 (full 3):
 PSYoungGen      total 20480K, used 20128K [0x00000000eab00000, 0x00000000ec400000, 0x0000000100000000)
  eden space 19968K, 100% used [0x00000000eab00000,0x00000000ebe80000,0x00000000ebe80000)
  from space 512K, 31% used [0x00000000ec380000,0x00000000ec3a8000,0x00000000ec400000)
  to   space 512K, 0% used [0x00000000ec300000,0x00000000ec300000,0x00000000ec380000)
 ParOldGen       total 68608K, used 39228K [0x00000000c0000000, 0x00000000c4300000, 0x00000000eab00000)
  object space 68608K, 57% used [0x00000000c0000000,0x00000000c264f0f8,0x00000000c4300000)
 Metaspace       used 62830K, committed 64192K, reserved 1114112K
  class space    used 7680K, committed 8256K, reserved 1048576K
}
Event: 23.237 GC heap after
{Heap after GC invocations=36 (full 3):
 PSYoungGen      total 20480K, used 346K [0x00000000eab00000, 0x00000000ec400000, 0x0000000100000000)
  eden space 19968K, 0% used [0x00000000eab00000,0x00000000eab00000,0x00000000ebe80000)
  from space 512K, 67% used [0x00000000ec300000,0x00000000ec356a48,0x00000000ec380000)
  to   space 512K, 0% used [0x00000000ec380000,0x00000000ec380000,0x00000000ec400000)
 ParOldGen       total 68608K, used 39312K [0x00000000c0000000, 0x00000000c4300000, 0x00000000eab00000)
  object space 68608K, 57% used [0x00000000c0000000,0x00000000c26641c8,0x00000000c4300000)
 Metaspace       used 62830K, committed 64192K, reserved 1114112K
  class space    used 7680K, committed 8256K, reserved 1048576K
}
Event: 23.494 GC heap before
{Heap before GC invocations=37 (full 3):
 PSYoungGen      total 20480K, used 20314K [0x00000000eab00000, 0x00000000ec400000, 0x0000000100000000)
  eden space 19968K, 100% used [0x00000000eab00000,0x00000000ebe80000,0x00000000ebe80000)
  from space 512K, 67% used [0x00000000ec300000,0x00000000ec356a48,0x00000000ec380000)
  to   space 512K, 0% used [0x00000000ec380000,0x00000000ec380000,0x00000000ec400000)
 ParOldGen       total 68608K, used 39312K [0x00000000c0000000, 0x00000000c4300000, 0x00000000eab00000)
  object space 68608K, 57% used [0x00000000c0000000,0x00000000c26641c8,0x00000000c4300000)
 Metaspace       used 62830K, committed 64192K, reserved 1114112K
  class space    used 7680K, committed 8256K, reserved 1048576K
}
Event: 23.496 GC heap after
{Heap after GC invocations=37 (full 3):
 PSYoungGen      total 20480K, used 502K [0x00000000eab00000, 0x00000000ec400000, 0x0000000100000000)
  eden space 19968K, 0% used [0x00000000eab00000,0x00000000eab00000,0x00000000ebe80000)
  from space 512K, 98% used [0x00000000ec380000,0x00000000ec3fdbe8,0x00000000ec400000)
  to   space 1536K, 0% used [0x00000000ec100000,0x00000000ec100000,0x00000000ec280000)
 ParOldGen       total 68608K, used 39732K [0x00000000c0000000, 0x00000000c4300000, 0x00000000eab00000)
  object space 68608K, 57% used [0x00000000c0000000,0x00000000c26cd358,0x00000000c4300000)
 Metaspace       used 62830K, committed 64192K, reserved 1114112K
  class space    used 7680K, committed 8256K, reserved 1048576K
}
Event: 23.918 GC heap before
{Heap before GC invocations=38 (full 3):
 PSYoungGen      total 20480K, used 20470K [0x00000000eab00000, 0x00000000ec400000, 0x0000000100000000)
  eden space 19968K, 100% used [0x00000000eab00000,0x00000000ebe80000,0x00000000ebe80000)
  from space 512K, 98% used [0x00000000ec380000,0x00000000ec3fdbe8,0x00000000ec400000)
  to   space 1536K, 0% used [0x00000000ec100000,0x00000000ec100000,0x00000000ec280000)
 ParOldGen       total 68608K, used 39732K [0x00000000c0000000, 0x00000000c4300000, 0x00000000eab00000)
  object space 68608K, 57% used [0x00000000c0000000,0x00000000c26cd358,0x00000000c4300000)
 Metaspace       used 62830K, committed 64192K, reserved 1114112K
  class space    used 7680K, committed 8256K, reserved 1048576K
}
Event: 23.923 GC heap after
{Heap after GC invocations=38 (full 3):
 PSYoungGen      total 21504K, used 1264K [0x00000000eab00000, 0x00000000ec400000, 0x0000000100000000)
  eden space 19968K, 0% used [0x00000000eab00000,0x00000000eab00000,0x00000000ebe80000)
  from space 1536K, 82% used [0x00000000ec100000,0x00000000ec23c0c0,0x00000000ec280000)
  to   space 1536K, 0% used [0x00000000ec280000,0x00000000ec280000,0x00000000ec400000)
 ParOldGen       total 68608K, used 39780K [0x00000000c0000000, 0x00000000c4300000, 0x00000000eab00000)
  object space 68608K, 57% used [0x00000000c0000000,0x00000000c26d9358,0x00000000c4300000)
 Metaspace       used 62830K, committed 64192K, reserved 1114112K
  class space    used 7680K, committed 8256K, reserved 1048576K
}
Event: 24.203 GC heap before
{Heap before GC invocations=39 (full 3):
 PSYoungGen      total 21504K, used 21232K [0x00000000eab00000, 0x00000000ec400000, 0x0000000100000000)
  eden space 19968K, 100% used [0x00000000eab00000,0x00000000ebe80000,0x00000000ebe80000)
  from space 1536K, 82% used [0x00000000ec100000,0x00000000ec23c0c0,0x00000000ec280000)
  to   space 1536K, 0% used [0x00000000ec280000,0x00000000ec280000,0x00000000ec400000)
 ParOldGen       total 68608K, used 39780K [0x00000000c0000000, 0x00000000c4300000, 0x00000000eab00000)
  object space 68608K, 57% used [0x00000000c0000000,0x00000000c26d9358,0x00000000c4300000)
 Metaspace       used 62830K, committed 64192K, reserved 1114112K
  class space    used 7680K, committed 8256K, reserved 1048576K
}
Event: 24.206 GC heap after
{Heap after GC invocations=39 (full 3):
 PSYoungGen      total 21504K, used 1097K [0x00000000eab00000, 0x00000000ec400000, 0x0000000100000000)
  eden space 19968K, 0% used [0x00000000eab00000,0x00000000eab00000,0x00000000ebe80000)
  from space 1536K, 71% used [0x00000000ec280000,0x00000000ec3926c0,0x00000000ec400000)
  to   space 1536K, 0% used [0x00000000ec100000,0x00000000ec100000,0x00000000ec280000)
 ParOldGen       total 68608K, used 39820K [0x00000000c0000000, 0x00000000c4300000, 0x00000000eab00000)
  object space 68608K, 58% used [0x00000000c0000000,0x00000000c26e3358,0x00000000c4300000)
 Metaspace       used 62830K, committed 64192K, reserved 1114112K
  class space    used 7680K, committed 8256K, reserved 1048576K
}
Event: 24.412 GC heap before
{Heap before GC invocations=40 (full 3):
 PSYoungGen      total 21504K, used 21065K [0x00000000eab00000, 0x00000000ec400000, 0x0000000100000000)
  eden space 19968K, 100% used [0x00000000eab00000,0x00000000ebe80000,0x00000000ebe80000)
  from space 1536K, 71% used [0x00000000ec280000,0x00000000ec3926c0,0x00000000ec400000)
  to   space 1536K, 0% used [0x00000000ec100000,0x00000000ec100000,0x00000000ec280000)
 ParOldGen       total 68608K, used 39820K [0x00000000c0000000, 0x00000000c4300000, 0x00000000eab00000)
  object space 68608K, 58% used [0x00000000c0000000,0x00000000c26e3358,0x00000000c4300000)
 Metaspace       used 62830K, committed 64192K, reserved 1114112K
  class space    used 7680K, committed 8256K, reserved 1048576K
}
Event: 24.413 GC heap after
{Heap after GC invocations=40 (full 3):
 PSYoungGen      total 20992K, used 722K [0x00000000eab00000, 0x00000000ec300000, 0x0000000100000000)
  eden space 19968K, 0% used [0x00000000eab00000,0x00000000eab00000,0x00000000ebe80000)
  from space 1024K, 70% used [0x00000000ec100000,0x00000000ec1b4b48,0x00000000ec200000)
  to   space 1024K, 0% used [0x00000000ec200000,0x00000000ec200000,0x00000000ec300000)
 ParOldGen       total 68608K, used 39828K [0x00000000c0000000, 0x00000000c4300000, 0x00000000eab00000)
  object space 68608K, 58% used [0x00000000c0000000,0x00000000c26e5358,0x00000000c4300000)
 Metaspace       used 62830K, committed 64192K, reserved 1114112K
  class space    used 7680K, committed 8256K, reserved 1048576K
}
Event: 24.598 GC heap before
{Heap before GC invocations=41 (full 3):
 PSYoungGen      total 20992K, used 20690K [0x00000000eab00000, 0x00000000ec300000, 0x0000000100000000)
  eden space 19968K, 100% used [0x00000000eab00000,0x00000000ebe80000,0x00000000ebe80000)
  from space 1024K, 70% used [0x00000000ec100000,0x00000000ec1b4b48,0x00000000ec200000)
  to   space 1024K, 0% used [0x00000000ec200000,0x00000000ec200000,0x00000000ec300000)
 ParOldGen       total 68608K, used 39828K [0x00000000c0000000, 0x00000000c4300000, 0x00000000eab00000)
  object space 68608K, 58% used [0x00000000c0000000,0x00000000c26e5358,0x00000000c4300000)
 Metaspace       used 62830K, committed 64192K, reserved 1114112K
  class space    used 7680K, committed 8256K, reserved 1048576K
}
Event: 24.599 GC heap after
{Heap after GC invocations=41 (full 3):
 PSYoungGen      total 20480K, used 256K [0x00000000eab00000, 0x00000000ec280000, 0x0000000100000000)
  eden space 19968K, 0% used [0x00000000eab00000,0x00000000eab00000,0x00000000ebe80000)
  from space 512K, 50% used [0x00000000ec200000,0x00000000ec240000,0x00000000ec280000)
  to   space 512K, 0% used [0x00000000ec180000,0x00000000ec180000,0x00000000ec200000)
 ParOldGen       total 68608K, used 39852K [0x00000000c0000000, 0x00000000c4300000, 0x00000000eab00000)
  object space 68608K, 58% used [0x00000000c0000000,0x00000000c26eb358,0x00000000c4300000)
 Metaspace       used 62830K, committed 64192K, reserved 1114112K
  class space    used 7680K, committed 8256K, reserved 1048576K
}
Event: 24.870 GC heap before
{Heap before GC invocations=42 (full 3):
 PSYoungGen      total 20480K, used 20224K [0x00000000eab00000, 0x00000000ec280000, 0x0000000100000000)
  eden space 19968K, 100% used [0x00000000eab00000,0x00000000ebe80000,0x00000000ebe80000)
  from space 512K, 50% used [0x00000000ec200000,0x00000000ec240000,0x00000000ec280000)
  to   space 512K, 0% used [0x00000000ec180000,0x00000000ec180000,0x00000000ec200000)
 ParOldGen       total 68608K, used 39852K [0x00000000c0000000, 0x00000000c4300000, 0x00000000eab00000)
  object space 68608K, 58% used [0x00000000c0000000,0x00000000c26eb358,0x00000000c4300000)
 Metaspace       used 62863K, committed 64192K, reserved 1114112K
  class space    used 7692K, committed 8256K, reserved 1048576K
}
Event: 24.871 GC heap after
{Heap after GC invocations=42 (full 3):
 PSYoungGen      total 20480K, used 224K [0x00000000eab00000, 0x00000000ec280000, 0x0000000100000000)
  eden space 19968K, 0% used [0x00000000eab00000,0x00000000eab00000,0x00000000ebe80000)
  from space 512K, 43% used [0x00000000ec180000,0x00000000ec1b8000,0x00000000ec200000)
  to   space 512K, 0% used [0x00000000ec200000,0x00000000ec200000,0x00000000ec280000)
 ParOldGen       total 68608K, used 39876K [0x00000000c0000000, 0x00000000c4300000, 0x00000000eab00000)
  object space 68608K, 58% used [0x00000000c0000000,0x00000000c26f1358,0x00000000c4300000)
 Metaspace       used 62863K, committed 64192K, reserved 1114112K
  class space    used 7692K, committed 8256K, reserved 1048576K
}
Event: 33.914 GC heap before
{Heap before GC invocations=43 (full 3):
 PSYoungGen      total 20480K, used 20192K [0x00000000eab00000, 0x00000000ec280000, 0x0000000100000000)
  eden space 19968K, 100% used [0x00000000eab00000,0x00000000ebe80000,0x00000000ebe80000)
  from space 512K, 43% used [0x00000000ec180000,0x00000000ec1b8000,0x00000000ec200000)
  to   space 512K, 0% used [0x00000000ec200000,0x00000000ec200000,0x00000000ec280000)
 ParOldGen       total 68608K, used 39876K [0x00000000c0000000, 0x00000000c4300000, 0x00000000eab00000)
  object space 68608K, 58% used [0x00000000c0000000,0x00000000c26f1358,0x00000000c4300000)
 Metaspace       used 65226K, committed 66624K, reserved 1114112K
  class space    used 8028K, committed 8640K, reserved 1048576K
}
Event: 33.917 GC heap after
{Heap after GC invocations=43 (full 3):
 PSYoungGen      total 20480K, used 510K [0x00000000eab00000, 0x00000000ec280000, 0x0000000100000000)
  eden space 19968K, 0% used [0x00000000eab00000,0x00000000eab00000,0x00000000ebe80000)
  from space 512K, 99% used [0x00000000ec200000,0x00000000ec27fa30,0x00000000ec280000)
  to   space 1024K, 0% used [0x00000000ec080000,0x00000000ec080000,0x00000000ec180000)
 ParOldGen       total 68608K, used 40037K [0x00000000c0000000, 0x00000000c4300000, 0x00000000eab00000)
  object space 68608K, 58% used [0x00000000c0000000,0x00000000c2719470,0x00000000c4300000)
 Metaspace       used 65226K, committed 66624K, reserved 1114112K
  class space    used 8028K, committed 8640K, reserved 1048576K
}

