# JRE version: OpenJDK Runtime Environment Temurin-21.0.7+6 (21.0.7+6) (build 21.0.7+6-LTS)
# Java VM: OpenJDK 64-Bit Server VM Temurin-21.0.7+6 (21.0.7+6-LTS, mixed mode, sharing, tiered, compressed oops, compressed class ptrs, parallel gc, windows-amd64)
GC Precious Log:
 CardTable entry size: 512
 CPUs: 8 total, 8 available
 Memory: 8039M
 Large Page Support: Disabled
 NUMA Support: Disabled
 Compressed Oops: Enabled (32-bit)
 Alignments: Space 512K, Generation 512K, Heap 2M
 Heap Min Capacity: 100M
 Heap Initial Capacity: 100M
 Heap Max Capacity: 1G
 Pre-touch: Disabled
 Parallel Workers: 8
Heap:
 PSYoungGen      total 3584K, used 3582K [0x00000000eab00000, 0x00000000eaf80000, 0x0000000100000000)
  eden space 3072K, 99% used [0x00000000eab00000,0x00000000eadffac8,0x00000000eae00000)
  from space 512K, 100% used [0x00000000eae80000,0x00000000eaf00000,0x00000000eaf00000)
  to   space 512K, 93% used [0x00000000eaf00000,0x00000000eaf78000,0x00000000eaf80000)
 ParOldGen       total 537600K, used 537595K [0x00000000c0000000, 0x00000000e0d00000, 0x00000000eab00000)
  object space 537600K, 99% used [0x00000000c0000000,0x00000000e0cfee68,0x00000000e0d00000)
 Metaspace       used 73277K, committed 74816K, reserved 1179648K
  class space    used 8784K, committed 9472K, reserved 1048576K
GC Heap History (20 events):
Event: 131.828 GC heap before
{Heap before GC invocations=488 (full 3):
 PSYoungGen      total 3584K, used 3584K [0x00000000eab00000, 0x00000000eb000000, 0x0000000100000000)
  eden space 3072K, 100% used [0x00000000eab00000,0x00000000eae00000,0x00000000eae00000)
  from space 512K, 100% used [0x00000000eaf00000,0x00000000eaf80000,0x00000000eaf80000)
  to   space 1024K, 0% used [0x00000000eae00000,0x00000000eae00000,0x00000000eaf00000)
 ParOldGen       total 533504K, used 533339K [0x00000000c0000000, 0x00000000e0900000, 0x00000000eab00000)
  object space 533504K, 99% used [0x00000000c0000000,0x00000000e08d6e68,0x00000000e0900000)
 Metaspace       used 73277K, committed 74816K, reserved 1179648K
  class space    used 8784K, committed 9472K, reserved 1048576K
}
Event: 131.832 GC heap after
{Heap after GC invocations=488 (full 3):
 PSYoungGen      total 4096K, used 448K [0x00000000eab00000, 0x00000000eaf80000, 0x0000000100000000)
  eden space 3072K, 0% used [0x00000000eab00000,0x00000000eab00000,0x00000000eae00000)
  from space 1024K, 43% used [0x00000000eae00000,0x00000000eae70000,0x00000000eaf00000)
  to   space 512K, 0% used [0x00000000eaf00000,0x00000000eaf00000,0x00000000eaf80000)
 ParOldGen       total 534016K, used 533739K [0x00000000c0000000, 0x00000000e0980000, 0x00000000eab00000)
  object space 534016K, 99% used [0x00000000c0000000,0x00000000e093ae68,0x00000000e0980000)
 Metaspace       used 73277K, committed 74816K, reserved 1179648K
  class space    used 8784K, committed 9472K, reserved 1048576K
}
Event: 131.888 GC heap before
{Heap before GC invocations=489 (full 3):
 PSYoungGen      total 4096K, used 3520K [0x00000000eab00000, 0x00000000eaf80000, 0x0000000100000000)
  eden space 3072K, 100% used [0x00000000eab00000,0x00000000eae00000,0x00000000eae00000)
  from space 1024K, 43% used [0x00000000eae00000,0x00000000eae70000,0x00000000eaf00000)
  to   space 512K, 0% used [0x00000000eaf00000,0x00000000eaf00000,0x00000000eaf80000)
 ParOldGen       total 534016K, used 533739K [0x00000000c0000000, 0x00000000e0980000, 0x00000000eab00000)
  object space 534016K, 99% used [0x00000000c0000000,0x00000000e093ae68,0x00000000e0980000)
 Metaspace       used 73277K, committed 74816K, reserved 1179648K
  class space    used 8784K, committed 9472K, reserved 1048576K
}
Event: 131.890 GC heap after
{Heap after GC invocations=489 (full 3):
 PSYoungGen      total 3584K, used 512K [0x00000000eab00000, 0x00000000eb000000, 0x0000000100000000)
  eden space 3072K, 0% used [0x00000000eab00000,0x00000000eab00000,0x00000000eae00000)
  from space 512K, 100% used [0x00000000eaf00000,0x00000000eaf80000,0x00000000eaf80000)
  to   space 1024K, 0% used [0x00000000eae00000,0x00000000eae00000,0x00000000eaf00000)
 ParOldGen       total 534528K, used 534099K [0x00000000c0000000, 0x00000000e0a00000, 0x00000000eab00000)
  object space 534528K, 99% used [0x00000000c0000000,0x00000000e0994e68,0x00000000e0a00000)
 Metaspace       used 73277K, committed 74816K, reserved 1179648K
  class space    used 8784K, committed 9472K, reserved 1048576K
}
Event: 131.904 GC heap before
{Heap before GC invocations=490 (full 3):
 PSYoungGen      total 3584K, used 3584K [0x00000000eab00000, 0x00000000eb000000, 0x0000000100000000)
  eden space 3072K, 100% used [0x00000000eab00000,0x00000000eae00000,0x00000000eae00000)
  from space 512K, 100% used [0x00000000eaf00000,0x00000000eaf80000,0x00000000eaf80000)
  to   space 1024K, 0% used [0x00000000eae00000,0x00000000eae00000,0x00000000eaf00000)
 ParOldGen       total 534528K, used 534099K [0x00000000c0000000, 0x00000000e0a00000, 0x00000000eab00000)
  object space 534528K, 99% used [0x00000000c0000000,0x00000000e0994e68,0x00000000e0a00000)
 Metaspace       used 73277K, committed 74816K, reserved 1179648K
  class space    used 8784K, committed 9472K, reserved 1048576K
}
Event: 131.906 GC heap after
{Heap after GC invocations=490 (full 3):
 PSYoungGen      total 4096K, used 512K [0x00000000eab00000, 0x00000000eb000000, 0x0000000100000000)
  eden space 3072K, 0% used [0x00000000eab00000,0x00000000eab00000,0x00000000eae00000)
  from space 1024K, 50% used [0x00000000eae00000,0x00000000eae80000,0x00000000eaf00000)
  to   space 1024K, 0% used [0x00000000eaf00000,0x00000000eaf00000,0x00000000eb000000)
 ParOldGen       total 534528K, used 534475K [0x00000000c0000000, 0x00000000e0a00000, 0x00000000eab00000)
  object space 534528K, 99% used [0x00000000c0000000,0x00000000e09f2e68,0x00000000e0a00000)
 Metaspace       used 73277K, committed 74816K, reserved 1179648K
  class space    used 8784K, committed 9472K, reserved 1048576K
}
Event: 131.919 GC heap before
{Heap before GC invocations=491 (full 3):
 PSYoungGen      total 4096K, used 3572K [0x00000000eab00000, 0x00000000eb000000, 0x0000000100000000)
  eden space 3072K, 99% used [0x00000000eab00000,0x00000000eadfd150,0x00000000eae00000)
  from space 1024K, 50% used [0x00000000eae00000,0x00000000eae80000,0x00000000eaf00000)
  to   space 1024K, 0% used [0x00000000eaf00000,0x00000000eaf00000,0x00000000eb000000)
 ParOldGen       total 534528K, used 534475K [0x00000000c0000000, 0x00000000e0a00000, 0x00000000eab00000)
  object space 534528K, 99% used [0x00000000c0000000,0x00000000e09f2e68,0x00000000e0a00000)
 Metaspace       used 73277K, committed 74816K, reserved 1179648K
  class space    used 8784K, committed 9472K, reserved 1048576K
}
Event: 131.921 GC heap after
{Heap after GC invocations=491 (full 3):
 PSYoungGen      total 3584K, used 480K [0x00000000eab00000, 0x00000000eaf80000, 0x0000000100000000)
  eden space 3072K, 0% used [0x00000000eab00000,0x00000000eab00000,0x00000000eae00000)
  from space 512K, 93% used [0x00000000eaf00000,0x00000000eaf78000,0x00000000eaf80000)
  to   space 512K, 0% used [0x00000000eae80000,0x00000000eae80000,0x00000000eaf00000)
 ParOldGen       total 535040K, used 534883K [0x00000000c0000000, 0x00000000e0a80000, 0x00000000eab00000)
  object space 535040K, 99% used [0x00000000c0000000,0x00000000e0a58e68,0x00000000e0a80000)
 Metaspace       used 73277K, committed 74816K, reserved 1179648K
  class space    used 8784K, committed 9472K, reserved 1048576K
}
Event: 131.934 GC heap before
{Heap before GC invocations=492 (full 3):
 PSYoungGen      total 3584K, used 3552K [0x00000000eab00000, 0x00000000eaf80000, 0x0000000100000000)
  eden space 3072K, 100% used [0x00000000eab00000,0x00000000eae00000,0x00000000eae00000)
  from space 512K, 93% used [0x00000000eaf00000,0x00000000eaf78000,0x00000000eaf80000)
  to   space 512K, 0% used [0x00000000eae80000,0x00000000eae80000,0x00000000eaf00000)
 ParOldGen       total 535040K, used 534883K [0x00000000c0000000, 0x00000000e0a80000, 0x00000000eab00000)
  object space 535040K, 99% used [0x00000000c0000000,0x00000000e0a58e68,0x00000000e0a80000)
 Metaspace       used 73277K, committed 74816K, reserved 1179648K
  class space    used 8784K, committed 9472K, reserved 1048576K
}
Event: 131.936 GC heap after
{Heap after GC invocations=492 (full 3):
 PSYoungGen      total 3584K, used 512K [0x00000000eab00000, 0x00000000eb000000, 0x0000000100000000)
  eden space 3072K, 0% used [0x00000000eab00000,0x00000000eab00000,0x00000000eae00000)
  from space 512K, 100% used [0x00000000eae80000,0x00000000eaf00000,0x00000000eaf00000)
  to   space 1024K, 0% used [0x00000000eaf00000,0x00000000eaf00000,0x00000000eb000000)
 ParOldGen       total 535552K, used 535251K [0x00000000c0000000, 0x00000000e0b00000, 0x00000000eab00000)
  object space 535552K, 99% used [0x00000000c0000000,0x00000000e0ab4e68,0x00000000e0b00000)
 Metaspace       used 73277K, committed 74816K, reserved 1179648K
  class space    used 8784K, committed 9472K, reserved 1048576K
}
Event: 131.950 GC heap before
{Heap before GC invocations=493 (full 3):
 PSYoungGen      total 3584K, used 3575K [0x00000000eab00000, 0x00000000eb000000, 0x0000000100000000)
  eden space 3072K, 99% used [0x00000000eab00000,0x00000000eadfdc00,0x00000000eae00000)
  from space 512K, 100% used [0x00000000eae80000,0x00000000eaf00000,0x00000000eaf00000)
  to   space 1024K, 0% used [0x00000000eaf00000,0x00000000eaf00000,0x00000000eb000000)
 ParOldGen       total 535552K, used 535251K [0x00000000c0000000, 0x00000000e0b00000, 0x00000000eab00000)
  object space 535552K, 99% used [0x00000000c0000000,0x00000000e0ab4e68,0x00000000e0b00000)
 Metaspace       used 73277K, committed 74816K, reserved 1179648K
  class space    used 8784K, committed 9472K, reserved 1048576K
}
Event: 131.951 GC heap after
{Heap after GC invocations=493 (full 3):
 PSYoungGen      total 4096K, used 448K [0x00000000eab00000, 0x00000000eb000000, 0x0000000100000000)
  eden space 3072K, 0% used [0x00000000eab00000,0x00000000eab00000,0x00000000eae00000)
  from space 1024K, 43% used [0x00000000eaf00000,0x00000000eaf70000,0x00000000eb000000)
  to   space 1024K, 0% used [0x00000000eae00000,0x00000000eae00000,0x00000000eaf00000)
 ParOldGen       total 536064K, used 535691K [0x00000000c0000000, 0x00000000e0b80000, 0x00000000eab00000)
  object space 536064K, 99% used [0x00000000c0000000,0x00000000e0b22e68,0x00000000e0b80000)
 Metaspace       used 73277K, committed 74816K, reserved 1179648K
  class space    used 8784K, committed 9472K, reserved 1048576K
}
Event: 131.963 GC heap before
{Heap before GC invocations=494 (full 3):
 PSYoungGen      total 4096K, used 3520K [0x00000000eab00000, 0x00000000eb000000, 0x0000000100000000)
  eden space 3072K, 100% used [0x00000000eab00000,0x00000000eae00000,0x00000000eae00000)
  from space 1024K, 43% used [0x00000000eaf00000,0x00000000eaf70000,0x00000000eb000000)
  to   space 1024K, 0% used [0x00000000eae00000,0x00000000eae00000,0x00000000eaf00000)
 ParOldGen       total 536064K, used 535691K [0x00000000c0000000, 0x00000000e0b80000, 0x00000000eab00000)
  object space 536064K, 99% used [0x00000000c0000000,0x00000000e0b22e68,0x00000000e0b80000)
 Metaspace       used 73277K, committed 74816K, reserved 1179648K
  class space    used 8784K, committed 9472K, reserved 1048576K
}
Event: 131.966 GC heap after
{Heap after GC invocations=494 (full 3):
 PSYoungGen      total 4096K, used 480K [0x00000000eab00000, 0x00000000eaf80000, 0x0000000100000000)
  eden space 3072K, 0% used [0x00000000eab00000,0x00000000eab00000,0x00000000eae00000)
  from space 1024K, 46% used [0x00000000eae00000,0x00000000eae78000,0x00000000eaf00000)
  to   space 512K, 0% used [0x00000000eaf00000,0x00000000eaf00000,0x00000000eaf80000)
 ParOldGen       total 536064K, used 536051K [0x00000000c0000000, 0x00000000e0b80000, 0x00000000eab00000)
  object space 536064K, 99% used [0x00000000c0000000,0x00000000e0b7ce68,0x00000000e0b80000)
 Metaspace       used 73277K, committed 74816K, reserved 1179648K
  class space    used 8784K, committed 9472K, reserved 1048576K
}
Event: 131.982 GC heap before
{Heap before GC invocations=495 (full 3):
 PSYoungGen      total 4096K, used 3552K [0x00000000eab00000, 0x00000000eaf80000, 0x0000000100000000)
  eden space 3072K, 100% used [0x00000000eab00000,0x00000000eae00000,0x00000000eae00000)
  from space 1024K, 46% used [0x00000000eae00000,0x00000000eae78000,0x00000000eaf00000)
  to   space 512K, 0% used [0x00000000eaf00000,0x00000000eaf00000,0x00000000eaf80000)
 ParOldGen       total 536064K, used 536051K [0x00000000c0000000, 0x00000000e0b80000, 0x00000000eab00000)
  object space 536064K, 99% used [0x00000000c0000000,0x00000000e0b7ce68,0x00000000e0b80000)
 Metaspace       used 73277K, committed 74816K, reserved 1179648K
  class space    used 8784K, committed 9472K, reserved 1048576K
}
Event: 131.985 GC heap after
{Heap after GC invocations=495 (full 3):
 PSYoungGen      total 3584K, used 480K [0x00000000eab00000, 0x00000000eaf80000, 0x0000000100000000)
  eden space 3072K, 0% used [0x00000000eab00000,0x00000000eab00000,0x00000000eae00000)
  from space 512K, 93% used [0x00000000eaf00000,0x00000000eaf78000,0x00000000eaf80000)
  to   space 512K, 0% used [0x00000000eae80000,0x00000000eae80000,0x00000000eaf00000)
 ParOldGen       total 536576K, used 536451K [0x00000000c0000000, 0x00000000e0c00000, 0x00000000eab00000)
  object space 536576K, 99% used [0x00000000c0000000,0x00000000e0be0e68,0x00000000e0c00000)
 Metaspace       used 73277K, committed 74816K, reserved 1179648K
  class space    used 8784K, committed 9472K, reserved 1048576K
}
Event: 132.003 GC heap before
{Heap before GC invocations=496 (full 3):
 PSYoungGen      total 3584K, used 3552K [0x00000000eab00000, 0x00000000eaf80000, 0x0000000100000000)
  eden space 3072K, 100% used [0x00000000eab00000,0x00000000eae00000,0x00000000eae00000)
  from space 512K, 93% used [0x00000000eaf00000,0x00000000eaf78000,0x00000000eaf80000)
  to   space 512K, 0% used [0x00000000eae80000,0x00000000eae80000,0x00000000eaf00000)
 ParOldGen       total 536576K, used 536451K [0x00000000c0000000, 0x00000000e0c00000, 0x00000000eab00000)
  object space 536576K, 99% used [0x00000000c0000000,0x00000000e0be0e68,0x00000000e0c00000)
 Metaspace       used 73277K, committed 74816K, reserved 1179648K
  class space    used 8784K, committed 9472K, reserved 1048576K
}
Event: 132.006 GC heap after
{Heap after GC invocations=496 (full 3):
 PSYoungGen      total 3584K, used 512K [0x00000000eab00000, 0x00000000eb000000, 0x0000000100000000)
  eden space 3072K, 0% used [0x00000000eab00000,0x00000000eab00000,0x00000000eae00000)
  from space 512K, 100% used [0x00000000eae80000,0x00000000eaf00000,0x00000000eaf00000)
  to   space 1024K, 0% used [0x00000000eaf00000,0x00000000eaf00000,0x00000000eb000000)
 ParOldGen       total 537088K, used 536827K [0x00000000c0000000, 0x00000000e0c80000, 0x00000000eab00000)
  object space 537088K, 99% used [0x00000000c0000000,0x00000000e0c3ee68,0x00000000e0c80000)
 Metaspace       used 73277K, committed 74816K, reserved 1179648K
  class space    used 8784K, committed 9472K, reserved 1048576K
}
Event: 132.019 GC heap before
{Heap before GC invocations=497 (full 3):
 PSYoungGen      total 3584K, used 3584K [0x00000000eab00000, 0x00000000eb000000, 0x0000000100000000)
  eden space 3072K, 100% used [0x00000000eab00000,0x00000000eae00000,0x00000000eae00000)
  from space 512K, 100% used [0x00000000eae80000,0x00000000eaf00000,0x00000000eaf00000)
  to   space 1024K, 0% used [0x00000000eaf00000,0x00000000eaf00000,0x00000000eb000000)
 ParOldGen       total 537088K, used 536827K [0x00000000c0000000, 0x00000000e0c80000, 0x00000000eab00000)
  object space 537088K, 99% used [0x00000000c0000000,0x00000000e0c3ee68,0x00000000e0c80000)
 Metaspace       used 73277K, committed 74816K, reserved 1179648K
  class space    used 8784K, committed 9472K, reserved 1048576K
}
Event: 132.021 GC heap after
{Heap after GC invocations=497 (full 3):
 PSYoungGen      total 3584K, used 448K [0x00000000eab00000, 0x00000000eaf80000, 0x0000000100000000)
  eden space 3072K, 0% used [0x00000000eab00000,0x00000000eab00000,0x00000000eae00000)
  from space 512K, 87% used [0x00000000eaf00000,0x00000000eaf70000,0x00000000eaf80000)
  to   space 512K, 0% used [0x00000000eae80000,0x00000000eae80000,0x00000000eaf00000)
 ParOldGen       total 537600K, used 537227K [0x00000000c0000000, 0x00000000e0d00000, 0x00000000eab00000)
  object space 537600K, 99% used [0x00000000c0000000,0x00000000e0ca2e68,0x00000000e0d00000)
 Metaspace       used 73277K, committed 74816K, reserved 1179648K
  class space    used 8784K, committed 9472K, reserved 1048576K
}

