# JRE version: Java(TM) SE Runtime Environment (17.0.12+8) (build 17.0.12+8-LTS-286)
# Java VM: Java HotSpot(TM) 64-Bit Server VM (17.0.12+8-LTS-286, mixed mode, sharing, tiered, compressed oops, compressed class ptrs, g1 gc, windows-amd64)
GC Precious Log:
 CPUs: 8 total, 8 available
 Memory: 8039M
 Large Page Support: Disabled
 NUMA Support: Disabled
 Compressed Oops: Enabled (Zero based)
 Heap Region Size: 2M
 Heap Min Capacity: 8M
 Heap Initial Capacity: 126M
 Heap Max Capacity: 4G
 Pre-touch: Disabled
 Parallel Workers: 8
 Concurrent Workers: 2
 Concurrent Refinement Workers: 8
 Periodic GC: Disabled
Heap:
 garbage-first heap   total 102400K, used 60898K [0x0000000700000000, 0x0000000800000000)
  region size 2048K, 17 young (34816K), 3 survivors (6144K)
 Metaspace       used 40345K, committed 40896K, reserved 1114112K
  class space    used 5568K, committed 5824K, reserved 1048576K
GC Heap History (16 events):
Event: 2.232 GC heap before
{Heap before GC invocations=0 (full 0):
 garbage-first heap   total 129024K, used 26624K [0x0000000700000000, 0x0000000800000000)
  region size 2048K, 11 young (22528K), 0 survivors (0K)
 Metaspace       used 2896K, committed 3072K, reserved 1114112K
  class space    used 366K, committed 448K, reserved 1048576K
}
Event: 2.261 GC heap after
{Heap after GC invocations=1 (full 0):
 garbage-first heap   total 129024K, used 10453K [0x0000000700000000, 0x0000000800000000)
  region size 2048K, 2 young (4096K), 2 survivors (4096K)
 Metaspace       used 2896K, committed 3072K, reserved 1114112K
  class space    used 366K, committed 448K, reserved 1048576K
}
Event: 3.703 GC heap before
{Heap before GC invocations=1 (full 0):
 garbage-first heap   total 129024K, used 32981K [0x0000000700000000, 0x0000000800000000)
  region size 2048K, 14 young (28672K), 2 survivors (4096K)
 Metaspace       used 3989K, committed 4160K, reserved 1114112K
  class space    used 491K, committed 576K, reserved 1048576K
}
Event: 3.710 GC heap after
{Heap after GC invocations=2 (full 0):
 garbage-first heap   total 129024K, used 11330K [0x0000000700000000, 0x0000000800000000)
  region size 2048K, 1 young (2048K), 1 survivors (2048K)
 Metaspace       used 3989K, committed 4160K, reserved 1114112K
  class space    used 491K, committed 576K, reserved 1048576K
}
Event: 9.567 GC heap before
{Heap before GC invocations=2 (full 0):
 garbage-first heap   total 129024K, used 76866K [0x0000000700000000, 0x0000000800000000)
  region size 2048K, 34 young (69632K), 1 survivors (2048K)
 Metaspace       used 14636K, committed 14912K, reserved 1114112K
  class space    used 2044K, committed 2176K, reserved 1048576K
}
Event: 9.595 GC heap after
{Heap after GC invocations=3 (full 0):
 garbage-first heap   total 129024K, used 19696K [0x0000000700000000, 0x0000000800000000)
  region size 2048K, 5 young (10240K), 5 survivors (10240K)
 Metaspace       used 14636K, committed 14912K, reserved 1114112K
  class space    used 2044K, committed 2176K, reserved 1048576K
}
Event: 12.759 GC heap before
{Heap before GC invocations=3 (full 0):
 garbage-first heap   total 129024K, used 68848K [0x0000000700000000, 0x0000000800000000)
  region size 2048K, 31 young (63488K), 5 survivors (10240K)
 Metaspace       used 21224K, committed 21504K, reserved 1114112K
  class space    used 3109K, committed 3264K, reserved 1048576K
}
Event: 12.779 GC heap after
{Heap after GC invocations=4 (full 0):
 garbage-first heap   total 129024K, used 26075K [0x0000000700000000, 0x0000000800000000)
  region size 2048K, 4 young (8192K), 4 survivors (8192K)
 Metaspace       used 21224K, committed 21504K, reserved 1114112K
  class space    used 3109K, committed 3264K, reserved 1048576K
}
Event: 16.684 GC heap before
{Heap before GC invocations=5 (full 0):
 garbage-first heap   total 102400K, used 77275K [0x0000000700000000, 0x0000000800000000)
  region size 2048K, 30 young (61440K), 4 survivors (8192K)
 Metaspace       used 28129K, committed 28544K, reserved 1114112K
  class space    used 4150K, committed 4352K, reserved 1048576K
}
Event: 16.697 GC heap after
{Heap after GC invocations=6 (full 0):
 garbage-first heap   total 102400K, used 26934K [0x0000000700000000, 0x0000000800000000)
  region size 2048K, 2 young (4096K), 2 survivors (4096K)
 Metaspace       used 28129K, committed 28544K, reserved 1114112K
  class space    used 4150K, committed 4352K, reserved 1048576K
}
Event: 20.629 GC heap before
{Heap before GC invocations=6 (full 0):
 garbage-first heap   total 102400K, used 69942K [0x0000000700000000, 0x0000000800000000)
  region size 2048K, 24 young (49152K), 2 survivors (4096K)
 Metaspace       used 33616K, committed 34048K, reserved 1114112K
  class space    used 4716K, committed 4928K, reserved 1048576K
}
Event: 20.638 GC heap after
{Heap after GC invocations=7 (full 0):
 garbage-first heap   total 102400K, used 32348K [0x0000000700000000, 0x0000000800000000)
  region size 2048K, 3 young (6144K), 3 survivors (6144K)
 Metaspace       used 33616K, committed 34048K, reserved 1114112K
  class space    used 4716K, committed 4928K, reserved 1048576K
}
Event: 22.529 GC heap before
{Heap before GC invocations=7 (full 0):
 garbage-first heap   total 102400K, used 48732K [0x0000000700000000, 0x0000000800000000)
  region size 2048K, 10 young (20480K), 3 survivors (6144K)
 Metaspace       used 35711K, committed 36096K, reserved 1114112K
  class space    used 4899K, committed 5120K, reserved 1048576K
}
Event: 22.539 GC heap after
{Heap after GC invocations=8 (full 0):
 garbage-first heap   total 102400K, used 33910K [0x0000000700000000, 0x0000000800000000)
  region size 2048K, 1 young (2048K), 1 survivors (2048K)
 Metaspace       used 35711K, committed 36096K, reserved 1114112K
  class space    used 4899K, committed 5120K, reserved 1048576K
}
Event: 25.696 GC heap before
{Heap before GC invocations=9 (full 0):
 garbage-first heap   total 102400K, used 76918K [0x0000000700000000, 0x0000000800000000)
  region size 2048K, 22 young (45056K), 1 survivors (2048K)
 Metaspace       used 37554K, committed 38016K, reserved 1114112K
  class space    used 5202K, committed 5440K, reserved 1048576K
}
Event: 25.706 GC heap after
{Heap after GC invocations=10 (full 0):
 garbage-first heap   total 102400K, used 36322K [0x0000000700000000, 0x0000000800000000)
  region size 2048K, 3 young (6144K), 3 survivors (6144K)
 Metaspace       used 37554K, committed 38016K, reserved 1114112K
  class space    used 5202K, committed 5440K, reserved 1048576K
}

